<?xml version="1.0" encoding="UTF-8"?>
<!-- Generated by org.testng.reporters.JUnitReportReporter -->
<testsuite hostname="DESKTOP-4PKN1AN" failures="0" tests="1" name="TestNG.NewTest" time="19.266" errors="0" timestamp="2022-12-31T14:27:56 IST" skipped="0">
  <testcase classname="TestNG.NewTest" name="harshada" time="19.266"/>
  <system-out/>
</testsuite> <!-- TestNG.NewTest -->
