<?xml version="1.0" encoding="UTF-8"?>
<!-- Generated by org.testng.reporters.JUnitReportReporter -->
<testsuite hostname="DESKTOP-4PKN1AN" failures="0" tests="2" name="TestNG.second" time="9.002" errors="0" timestamp="2022-12-22T14:53:11 IST" skipped="0">
  <testcase classname="TestNG.second" name="launchTest" time="8.531"/>
  <system-out/>
  <testcase classname="TestNG.second" name="loginTest" time="0.471"/>
  <system-out/>
</testsuite> <!-- TestNG.second -->
