<?xml version="1.0" encoding="UTF-8"?>
<!-- Generated by org.testng.reporters.JUnitReportReporter -->
<testsuite hostname="DESKTOP-4PKN1AN" failures="0" tests="8" name="TestNG.DP_Test3" time="130.588" errors="0" timestamp="2022-12-28T19:52:57 IST" skipped="0">
  <testcase classname="TestNG.DP_Test3" name="FacebookLogin" time="9.315"/>
  <system-out/>
  <testcase classname="TestNG.DP_Test3" name="FacebookLogin" time="10.113"/>
  <system-out/>
  <testcase classname="TestNG.DP_Test3" name="FacebookLogin" time="17.693"/>
  <system-out/>
  <testcase classname="TestNG.DP_Test3" name="FacebookLogin" time="31.181"/>
  <system-out/>
  <testcase classname="TestNG.DP_Test3" name="FacebookLogin" time="19.245"/>
  <system-out/>
  <testcase classname="TestNG.DP_Test3" name="FacebookLogin" time="24.140"/>
  <system-out/>
  <testcase classname="TestNG.DP_Test3" name="FacebookLogin" time="10.199"/>
  <system-out/>
  <testcase classname="TestNG.DP_Test3" name="FacebookLogin" time="8.702"/>
  <system-out/>
</testsuite> <!-- TestNG.DP_Test3 -->
