<?xml version="1.0" encoding="UTF-8"?>
<!-- Generated by org.testng.reporters.JUnitReportReporter -->
<testsuite hostname="DESKTOP-4PKN1AN" failures="0" tests="1" name="TestNG.screenshot" time="37.033" errors="0" timestamp="2022-12-25T18:27:45 IST" skipped="0">
  <testcase classname="TestNG.screenshot" name="secondtest" time="37.033"/>
  <system-out/>
</testsuite> <!-- TestNG.screenshot -->
