<?xml version="1.0" encoding="UTF-8"?>
<!-- Generated by org.testng.reporters.JUnitReportReporter -->
<testsuite hostname="DESKTOP-4PKN1AN" failures="0" tests="2" name="TestNG.first" time="0.016" errors="0" timestamp="2022-12-22T14:55:20 IST" skipped="0">
  <testcase classname="TestNG.first" name="secondtest" time="0.002"/>
  <system-out/>
  <testcase classname="TestNG.first" name="firsttest" time="0.014"/>
  <system-out/>
</testsuite> <!-- TestNG.first -->
